
/home/runner/work/exp-metacentre-wooden-iitb/exp-metacentre-wooden-iitb/experiment/simulation/common_libraries/js/ts_components/collapse_step.js
   1:10  warning  'show_step' is defined but never used                 no-unused-vars
   2:5   warning  '$' is not defined                                    no-undef
   3:9   warning  '$' is not defined                                    no-undef
   6:10  warning  'hide_step' is defined but never used                 no-unused-vars
   7:5   warning  '$' is not defined                                    no-undef
   8:9   warning  '$' is not defined                                    no-undef
  11:10  warning  'get_collapse_btn_text' is defined but never used     no-unused-vars
  20:10  warning  'get_collapse_btn_element' is defined but never used  no-unused-vars
  29:10  warning  'hide_all_steps' is defined but never used            no-unused-vars
  31:9   warning  '$' is not defined                                    no-undef

/home/runner/work/exp-metacentre-wooden-iitb/exp-metacentre-wooden-iitb/experiment/simulation/common_libraries/js/ts_components/matrix.js
   27:26  warning  'MathJax' is not defined                                no-undef
   32:7   warning  'Matrix_Without_String' is defined but never used       no-unused-vars
   52:26  warning  'MathJax' is not defined                                no-undef
   56:10  warning  'get_matrix_html' is defined but never used             no-unused-vars
   87:13  warning  'row_html' is assigned a value but never used           no-unused-vars
   99:10  warning  'get_matrix_html_with_title' is defined but never used  no-unused-vars
  131:13  warning  'row_html' is assigned a value but never used           no-unused-vars
  143:10  warning  'convert_2d_to_1d_vector' is defined but never used     no-unused-vars
  156:10  warning  'convert_1d_to_2d_matrix' is defined but never used     no-unused-vars

/home/runner/work/exp-metacentre-wooden-iitb/exp-metacentre-wooden-iitb/experiment/simulation/common_libraries/js/ts_components/pannel.js
  8:7  warning  'Pannel' is defined but never used  no-unused-vars

/home/runner/work/exp-metacentre-wooden-iitb/exp-metacentre-wooden-iitb/experiment/simulation/common_libraries/js/ts_components/questions.js
   6:17  warning  'op1' is assigned a value but never used      no-unused-vars
   7:17  warning  'op2' is assigned a value but never used      no-unused-vars
   8:17  warning  'op3' is assigned a value but never used      no-unused-vars
   9:17  warning  'op4' is assigned a value but never used      no-unused-vars
  94:7   warning  'Question_Options' is defined but never used  no-unused-vars

/home/runner/work/exp-metacentre-wooden-iitb/exp-metacentre-wooden-iitb/experiment/simulation/common_libraries/js/ts_components/tables.js
   19:22  warning  'verify_values' is not defined                                     no-undef
  137:22  warning  'verify_values' is not defined                                     no-undef
  260:7   warning  'Verify_Rows_Cols_6_decimal_places' is defined but never used      no-unused-vars
  311:22  warning  'verify_values' is not defined                                     no-undef
  416:7   warning  'Verify_Rows_Cols_Custom_Fixed_Update1' is defined but never used  no-unused-vars
  468:7   warning  'Show_Table_Custom_Fixed' is defined but never used                no-unused-vars
  506:7   warning  'Verify_Rows_Cols_Strings' is defined but never used               no-unused-vars
  527:22  warning  'verify_values' is not defined                                     no-undef
  663:7   warning  'Display_Table' is defined but never used                          no-unused-vars

/home/runner/work/exp-metacentre-wooden-iitb/exp-metacentre-wooden-iitb/experiment/simulation/common_libraries/js/ts_math_library/general_math_functions.js
    1:10  warning  'verify_values' is defined but never used                   no-unused-vars
   17:10  warning  'random1' is defined but never used                         no-unused-vars
   21:10  warning  'std_deviation' is defined but never used                   no-unused-vars
   26:10  warning  'gauss' is defined but never used                           no-unused-vars
   56:10  warning  'hide_panel' is defined but never used                      no-unused-vars
   63:10  warning  'inverse_matrix' is defined but never used                  no-unused-vars
   96:10  warning  'matrix_multiplication' is defined but never used           no-unused-vars
  113:10  warning  'transpose_matrix' is defined but never used                no-unused-vars
  123:10  warning  'matrix_multiplication_8decimal' is defined but never used  no-unused-vars
  140:10  warning  'adjoint_2x2_matrix' is defined but never used              no-unused-vars
  145:10  warning  'find_deteminant' is defined but never used                 no-unused-vars
  174:10  warning  'get_Submatrix' is defined but never used                   no-unused-vars

/home/runner/work/exp-metacentre-wooden-iitb/exp-metacentre-wooden-iitb/experiment/simulation/common_libraries/js/ts_math_library/regression.js
   1:10  warning  'regression_linear' is defined but never used            no-unused-vars
  18:10  warning  'regression_linear_1variable' is defined but never used  no-unused-vars
  27:10  warning  'regression_linear_2variable' is defined but never used  no-unused-vars
  52:11  warning  'gauss' is not defined                                   no-undef

/home/runner/work/exp-metacentre-wooden-iitb/exp-metacentre-wooden-iitb/experiment/simulation/common_libraries/math.ob.js
  1:745  warning  'b' is already defined  no-redeclare

/home/runner/work/exp-metacentre-wooden-iitb/exp-metacentre-wooden-iitb/experiment/simulation/js/activity1.js
   14:9    warning  'MathJax' is not defined                       no-undef
   19:5    warning  'h_a1' is not defined                          no-undef
   20:5    warning  'y_a1' is not defined                          no-undef
   21:5    warning  'z_a1' is not defined                          no-undef
   22:5    warning  'hw_a1' is not defined                         no-undef
   23:5    warning  'ab_a1' is not defined                         no-undef
   24:5    warning  'ag_a1' is not defined                         no-undef
   25:5    warning  'bg_a1' is not defined                         no-undef
   26:5    warning  'I_a1' is not defined                          no-undef
   27:5    warning  'v_a1' is not defined                          no-undef
   28:5    warning  'gm_a1' is not defined                         no-undef
   29:5    warning  'h_a1' is not defined                          no-undef
   29:23   warning  'random' is not defined                        no-undef
   30:5    warning  'y_a1' is not defined                          no-undef
   30:24   warning  'sp_gra' is not defined                        no-undef
   30:40   warning  'g' is not defined                             no-undef
   30:44   warning  'l_a1' is not defined                          no-undef
   30:51   warning  'w_a1' is not defined                          no-undef
   30:58   warning  'h_a1' is not defined                          no-undef
   31:5    warning  'z_a1' is not defined                          no-undef
   31:31   warning  'g' is not defined                             no-undef
   31:35   warning  'l_a1' is not defined                          no-undef
   31:42   warning  'w_a1' is not defined                          no-undef
   32:5    warning  'hw_a1' is not defined                         no-undef
   32:25   warning  'y_a1' is not defined                          no-undef
   32:32   warning  'z_a1' is not defined                          no-undef
   33:5    warning  'ab_a1' is not defined                         no-undef
   33:25   warning  'hw_a1' is not defined                         no-undef
   34:5    warning  'ag_a1' is not defined                         no-undef
   34:25   warning  'h_a1' is not defined                          no-undef
   35:5    warning  'bg_a1' is not defined                         no-undef
   35:25   warning  'ag_a1' is not defined                         no-undef
   35:33   warning  'ab_a1' is not defined                         no-undef
   36:5    warning  'I_a1' is not defined                          no-undef
   36:25   warning  'l_a1' is not defined                          no-undef
   36:41   warning  'w_a1' is not defined                          no-undef
   37:5    warning  'v_a1' is not defined                          no-undef
   37:24   warning  'l_a1' is not defined                          no-undef
   37:31   warning  'w_a1' is not defined                          no-undef
   37:38   warning  'hw_a1' is not defined                         no-undef
   38:5    warning  'gm_a1' is not defined                         no-undef
   38:25   warning  'I_a1' is not defined                          no-undef
   38:32   warning  'v_a1' is not defined                          no-undef
   38:39   warning  'bg_a1' is not defined                         no-undef
   39:25   warning  'l_a1' is not defined                          no-undef
   40:25   warning  'w_a1' is not defined                          no-undef
   41:25   warning  'h_a1' is not defined                          no-undef
   42:25   warning  'y_a1' is not defined                          no-undef
   43:25   warning  'z_a1' is not defined                          no-undef
   44:26   warning  'hw_a1' is not defined                         no-undef
   45:26   warning  'ab_a1' is not defined                         no-undef
   46:26   warning  'ag_a1' is not defined                         no-undef
   47:26   warning  'bg_a1' is not defined                         no-undef
   48:25   warning  'I_a1' is not defined                          no-undef
   49:25   warning  'v_a1' is not defined                          no-undef
   50:26   warning  'gm_a1' is not defined                         no-undef
   52:10   warning  'start_act1' is defined but never used         no-unused-vars
   57:20   warning  'get_collapse_btn_text' is not defined         no-undef
   64:48   warning  'sp_gra' is not defined                        no-undef
   67:74   warning  'l_a1' is not defined                          no-undef
   67:91   warning  'w_a1' is not defined                          no-undef
   67:108  warning  'h_a1' is not defined                          no-undef
   93:5    warning  'hide_all_steps' is not defined                no-undef
   95:9    warning  'show_step' is not defined                     no-undef
   98:10   warning  'verify_y' is defined but never used           no-unused-vars
  100:17   warning  'y_a1' is not defined                          no-undef
  101:10   warning  'verify_values' is not defined                 no-undef
  101:47   warning  'y_a1' is not defined                          no-undef
  115:32   warning  'y_a1' is not defined                          no-undef
  121:10   warning  'load_z_div' is defined but never used         no-unused-vars
  144:9    warning  'MathJax' is not defined                       no-undef
  147:10   warning  'verify_z' is defined but never used           no-unused-vars
  149:17   warning  'z_a1' is not defined                          no-undef
  150:10   warning  'verify_values' is not defined                 no-undef
  150:47   warning  'z_a1' is not defined                          no-undef
  164:54   warning  'z_a1' is not defined                          no-undef
  170:9    warning  'MathJax' is not defined                       no-undef
  173:10   warning  'load_hw_div' is defined but never used        no-unused-vars
  183:9    warning  'z_a1' is not defined                          no-undef
  199:9    warning  'MathJax' is not defined                       no-undef
  202:10   warning  'verify_hw' is defined but never used          no-unused-vars
  204:17   warning  'hw_a1' is not defined                         no-undef
  205:10   warning  'verify_values' is not defined                 no-undef
  205:47   warning  'hw_a1' is not defined                         no-undef
  219:36   warning  'hw_a1' is not defined                         no-undef
  225:9    warning  'MathJax' is not defined                       no-undef
  228:10   warning  'load_ab_ag_bg_div' is defined but never used  no-unused-vars
  264:9    warning  'MathJax' is not defined                       no-undef
  267:10   warning  'verify_ab_ag_bg' is defined but never used    no-unused-vars
  271:17   warning  'ab_a1' is not defined                         no-undef
  271:24   warning  'ag_a1' is not defined                         no-undef
  271:31   warning  'bg_a1' is not defined                         no-undef
  272:10   warning  'verify_values' is not defined                 no-undef
  272:50   warning  'ab_a1' is not defined                         no-undef
  281:10   warning  'verify_values' is not defined                 no-undef
  281:50   warning  'ag_a1' is not defined                         no-undef
  290:10   warning  'verify_values' is not defined                 no-undef
  290:50   warning  'bg_a1' is not defined                         no-undef
  304:36   warning  'ab_a1' is not defined                         no-undef
  305:34   warning  'ag_a1' is not defined                         no-undef
  306:29   warning  'bg_a1' is not defined                         no-undef
  312:9    warning  'MathJax' is not defined                       no-undef
  315:10   warning  'load_inertia_div' is defined but never used   no-unused-vars
  338:9    warning  'MathJax' is not defined                       no-undef
  341:10   warning  'verify_i' is defined but never used           no-unused-vars
  343:17   warning  'I_a1' is not defined                          no-undef
  344:10   warning  'verify_values' is not defined                 no-undef
  344:47   warning  'I_a1' is not defined                          no-undef
  359:57   warning  'I_a1' is not defined                          no-undef
  366:9    warning  'MathJax' is not defined                       no-undef
  369:10   warning  'load_volume_div' is defined but never used    no-unused-vars
  381:16   warning  Unnecessary escape character: \∀               no-useless-escape
  381:23   warning  Unnecessary escape character: \×               no-useless-escape
  381:28   warning  Unnecessary escape character: \×               no-useless-escape
  392:9    warning  'MathJax' is not defined                       no-undef
  395:10   warning  'verify_volume' is defined but never used      no-unused-vars
  397:17   warning  'v_a1' is not defined                          no-undef
  398:10   warning  'verify_values' is not defined                 no-undef
  398:47   warning  'v_a1' is not defined                          no-undef
  413:13   warning  Unnecessary escape character: \∀               no-useless-escape
  413:20   warning  Unnecessary escape character: \×               no-useless-escape
  413:25   warning  Unnecessary escape character: \×               no-useless-escape
  413:36   warning  'v_a1' is not defined                          no-undef
  420:9    warning  'MathJax' is not defined                       no-undef
  423:10   warning  'load_gm_div' is defined but never used        no-unused-vars
  435:30   warning  Unnecessary escape character: \∀               no-useless-escape
  446:9    warning  'MathJax' is not defined                       no-undef
  449:10   warning  'verify_gm' is defined but never used          no-unused-vars
  451:17   warning  'gm_a1' is not defined                         no-undef
  452:10   warning  'verify_values' is not defined                 no-undef
  452:47   warning  'gm_a1' is not defined                         no-undef
  467:28   warning  Unnecessary escape character: \∀               no-useless-escape
  467:41   warning  'gm_a1' is not defined                         no-undef
  474:9    warning  'MathJax' is not defined                       no-undef
  477:10   warning  'load_question' is defined but never used      no-unused-vars
  489:5    warning  'ans_a1' is not defined                        no-undef
  489:14   warning  'gm_a1' is not defined                         no-undef
  491:24   warning  'Question_Options' is not defined              no-undef
  491:52   warning  'ans_a1' is not defined                        no-undef
  498:16   warning  'ans_a1' is not defined                        no-undef

/home/runner/work/exp-metacentre-wooden-iitb/exp-metacentre-wooden-iitb/experiment/simulation/js/activity2.js
    2:5    warning  'y_a2' is not defined                             no-undef
    3:5    warning  'z_a2' is not defined                             no-undef
    4:5    warning  'hw_a2' is not defined                            no-undef
    5:5    warning  'ab_a2' is not defined                            no-undef
    6:5    warning  'ag_a2' is not defined                            no-undef
    7:5    warning  'bg_a2' is not defined                            no-undef
    8:5    warning  'I_a2' is not defined                             no-undef
    9:5    warning  'v_a2' is not defined                             no-undef
   10:5    warning  'gm_a2' is not defined                            no-undef
   11:5    warning  'h_a2' is not defined                             no-undef
   11:12   warning  'h_a1' is not defined                             no-undef
   12:5    warning  'y_a2' is not defined                             no-undef
   12:24   warning  'sp_gra' is not defined                           no-undef
   12:40   warning  'g' is not defined                                no-undef
   12:44   warning  'l_a2' is not defined                             no-undef
   12:51   warning  'w_a2' is not defined                             no-undef
   12:58   warning  'h_a2' is not defined                             no-undef
   13:5    warning  'z_a2' is not defined                             no-undef
   13:31   warning  'g' is not defined                                no-undef
   13:35   warning  'l_a2' is not defined                             no-undef
   13:42   warning  'w_a2' is not defined                             no-undef
   14:5    warning  'hw_a2' is not defined                            no-undef
   14:25   warning  'y_a2' is not defined                             no-undef
   14:32   warning  'z_a2' is not defined                             no-undef
   15:5    warning  'ab_a2' is not defined                            no-undef
   15:25   warning  'hw_a2' is not defined                            no-undef
   16:5    warning  'ag_a2' is not defined                            no-undef
   16:25   warning  'h_a2' is not defined                             no-undef
   17:5    warning  'bg_a2' is not defined                            no-undef
   17:25   warning  'ag_a2' is not defined                            no-undef
   17:33   warning  'ab_a2' is not defined                            no-undef
   18:5    warning  'I_a2' is not defined                             no-undef
   18:25   warning  'l_a2' is not defined                             no-undef
   18:41   warning  'w_a2' is not defined                             no-undef
   19:5    warning  'v_a2' is not defined                             no-undef
   19:24   warning  'l_a2' is not defined                             no-undef
   19:31   warning  'w_a2' is not defined                             no-undef
   19:38   warning  'hw_a2' is not defined                            no-undef
   20:5    warning  'gm_a2' is not defined                            no-undef
   20:25   warning  'I_a2' is not defined                             no-undef
   20:32   warning  'v_a2' is not defined                             no-undef
   20:39   warning  'bg_a2' is not defined                            no-undef
   21:25   warning  'l_a2' is not defined                             no-undef
   22:25   warning  'w_a2' is not defined                             no-undef
   23:25   warning  'h_a2' is not defined                             no-undef
   24:25   warning  'y_a2' is not defined                             no-undef
   25:25   warning  'z_a2' is not defined                             no-undef
   26:26   warning  'hw_a2' is not defined                            no-undef
   27:26   warning  'ab_a2' is not defined                            no-undef
   28:26   warning  'ag_a2' is not defined                            no-undef
   29:26   warning  'bg_a2' is not defined                            no-undef
   30:25   warning  'I_a2' is not defined                             no-undef
   31:25   warning  'v_a2' is not defined                             no-undef
   32:26   warning  'gm_a2' is not defined                            no-undef
   34:10   warning  'activity2' is defined but never used             no-unused-vars
   38:20   warning  'get_collapse_btn_text' is not defined            no-undef
   45:48   warning  'sp_gra' is not defined                           no-undef
   48:74   warning  'l_a2' is not defined                             no-undef
   48:91   warning  'w_a2' is not defined                             no-undef
   48:108  warning  'h_a2' is not defined                             no-undef
   73:5    warning  'maindiv' is not defined                          no-undef
   74:5    warning  'hide_all_steps' is not defined                   no-undef
   76:9    warning  'show_step' is not defined                        no-undef
   79:10   warning  'verify_y_a2' is defined but never used           no-unused-vars
   81:17   warning  'y_a2' is not defined                             no-undef
   82:10   warning  'verify_values' is not defined                    no-undef
   82:47   warning  'y_a2' is not defined                             no-undef
   96:32   warning  'y_a2' is not defined                             no-undef
  102:10   warning  'load_z_div_a2' is defined but never used         no-unused-vars
  125:9    warning  'MathJax' is not defined                          no-undef
  128:10   warning  'verify_z_a2' is defined but never used           no-unused-vars
  130:17   warning  'z_a2' is not defined                             no-undef
  131:10   warning  'verify_values' is not defined                    no-undef
  131:47   warning  'z_a2' is not defined                             no-undef
  145:54   warning  'z_a2' is not defined                             no-undef
  151:9    warning  'MathJax' is not defined                          no-undef
  154:10   warning  'load_hw_div_a2' is defined but never used        no-unused-vars
  164:9    warning  'z_a2' is not defined                             no-undef
  180:9    warning  'MathJax' is not defined                          no-undef
  183:10   warning  'verify_hw_a2' is defined but never used          no-unused-vars
  185:17   warning  'hw_a2' is not defined                            no-undef
  186:10   warning  'verify_values' is not defined                    no-undef
  186:47   warning  'hw_a2' is not defined                            no-undef
  200:36   warning  'hw_a2' is not defined                            no-undef
  206:9    warning  'MathJax' is not defined                          no-undef
  209:10   warning  'load_ab_ag_bg_div_a2' is defined but never used  no-unused-vars
  245:9    warning  'MathJax' is not defined                          no-undef
  248:10   warning  'verify_ab_ag_bg_a2' is defined but never used    no-unused-vars
  252:17   warning  'ab_a2' is not defined                            no-undef
  252:24   warning  'ag_a2' is not defined                            no-undef
  252:31   warning  'bg_a2' is not defined                            no-undef
  253:10   warning  'verify_values' is not defined                    no-undef
  253:50   warning  'ab_a2' is not defined                            no-undef
  262:10   warning  'verify_values' is not defined                    no-undef
  262:50   warning  'ag_a2' is not defined                            no-undef
  271:10   warning  'verify_values' is not defined                    no-undef
  271:50   warning  'bg_a2' is not defined                            no-undef
  285:36   warning  'ab_a2' is not defined                            no-undef
  286:34   warning  'ag_a2' is not defined                            no-undef
  287:29   warning  'bg_a2' is not defined                            no-undef
  293:9    warning  'MathJax' is not defined                          no-undef
  296:10   warning  'load_inertia_div_a2' is defined but never used   no-unused-vars
  319:9    warning  'MathJax' is not defined                          no-undef
  322:10   warning  'verify_i_a2' is defined but never used           no-unused-vars
  324:17   warning  'I_a2' is not defined                             no-undef
  325:10   warning  'verify_values' is not defined                    no-undef
  325:47   warning  'I_a2' is not defined                             no-undef
  340:57   warning  'I_a2' is not defined                             no-undef
  347:9    warning  'MathJax' is not defined                          no-undef
  350:10   warning  'load_volume_div_a2' is defined but never used    no-unused-vars
  362:16   warning  Unnecessary escape character: \∀                  no-useless-escape
  362:23   warning  Unnecessary escape character: \×                  no-useless-escape
  362:28   warning  Unnecessary escape character: \×                  no-useless-escape
  373:9    warning  'MathJax' is not defined                          no-undef
  376:10   warning  'verify_volume_a2' is defined but never used      no-unused-vars
  378:17   warning  'v_a2' is not defined                             no-undef
  379:10   warning  'verify_values' is not defined                    no-undef
  379:47   warning  'v_a2' is not defined                             no-undef
  394:13   warning  Unnecessary escape character: \∀                  no-useless-escape
  394:20   warning  Unnecessary escape character: \×                  no-useless-escape
  394:25   warning  Unnecessary escape character: \×                  no-useless-escape
  394:36   warning  'v_a2' is not defined                             no-undef
  401:9    warning  'MathJax' is not defined                          no-undef
  404:10   warning  'load_gm_div_a2' is defined but never used        no-unused-vars
  416:30   warning  Unnecessary escape character: \∀                  no-useless-escape
  427:9    warning  'MathJax' is not defined                          no-undef
  430:10   warning  'verify_gm_a2' is defined but never used          no-unused-vars
  432:17   warning  'gm_a2' is not defined                            no-undef
  433:10   warning  'verify_values' is not defined                    no-undef
  433:47   warning  'gm_a2' is not defined                            no-undef
  448:28   warning  Unnecessary escape character: \∀                  no-useless-escape
  448:41   warning  'gm_a2' is not defined                            no-undef
  455:9    warning  'MathJax' is not defined                          no-undef
  458:10   warning  'load_question_a2' is defined but never used      no-unused-vars
  470:5    warning  'ans_a2' is not defined                           no-undef
  470:14   warning  'gm_a2' is not defined                            no-undef
  472:24   warning  'Question_Options' is not defined                 no-undef
  472:52   warning  'ans_a2' is not defined                           no-undef
  479:16   warning  'ans_a2' is not defined                           no-undef
  485:10   warning  'load_stable_ques_a2' is defined but never used   no-unused-vars
  499:19   warning  'l_a1' is not defined                             no-undef
  499:35   warning  'w_a1' is not defined                             no-undef
  499:51   warning  'h_a1' is not defined                             no-undef
  503:17   warning  'gm_a1' is not defined                            no-undef
  508:19   warning  'l_a2' is not defined                             no-undef
  508:35   warning  'w_a2' is not defined                             no-undef
  508:51   warning  'h_a2' is not defined                             no-undef
  512:17   warning  'gm_a2' is not defined                            no-undef
  516:5    warning  'more_stable' is not defined                      no-undef
  516:19   warning  'gm_a1' is not defined                            no-undef
  516:27   warning  'gm_a2' is not defined                            no-undef
  518:24   warning  'Question_Options' is not defined                 no-undef
  518:52   warning  'more_stable' is not defined                      no-undef

/home/runner/work/exp-metacentre-wooden-iitb/exp-metacentre-wooden-iitb/experiment/simulation/js/activity3.js
    2:10  warning  'activity3' is defined but never used      no-unused-vars
    6:20  warning  'get_collapse_btn_text' is not defined     no-undef
   19:5   warning  'maindiv' is not defined                   no-undef
   21:5   warning  'hide_all_steps' is not defined            no-undef
   23:9   warning  'show_step' is not defined                 no-undef
   36:17  warning  'Chart' is not defined                     no-undef
   39:21  warning  'h_ar' is not defined                      no-undef
   43:27  warning  'M' is not defined                         no-undef
   87:5   warning  'meta_cen_height' is not defined           no-undef
   89:17  warning  'sp_gra' is not defined                    no-undef
   89:33  warning  'g' is not defined                         no-undef
   89:37  warning  'l_a1' is not defined                      no-undef
   89:44  warning  'w_a1' is not defined                      no-undef
   90:24  warning  'g' is not defined                         no-undef
   90:28  warning  'l_a1' is not defined                      no-undef
   90:35  warning  'w_a1' is not defined                      no-undef
   95:18  warning  'l_a1' is not defined                      no-undef
   95:34  warning  'w_a1' is not defined                      no-undef
   96:17  warning  'l_a1' is not defined                      no-undef
   96:24  warning  'w_a1' is not defined                      no-undef
   98:9   warning  'h_ar' is not defined                      no-undef
   99:9   warning  'M' is not defined                         no-undef
  100:9   warning  'M_abs' is not defined                     no-undef
  102:5   warning  'meta_cen_height' is not defined           no-undef
  102:23  warning  'h_ar' is not defined                      no-undef
  102:28  warning  'M_abs' is not defined                     no-undef
  102:54  warning  'M_abs' is not defined                     no-undef
  104:10  warning  'load_ques_a3' is defined but never used   no-unused-vars
  125:10  warning  'verify_height' is defined but never used  no-unused-vars
  127:17  warning  'meta_cen_height' is not defined           no-undef
  128:10  warning  'verify_values' is not defined             no-undef
  128:47  warning  'meta_cen_height' is not defined           no-undef
  142:63  warning  'meta_cen_height' is not defined           no-undef
  148:10  warning  'exp_complete' is defined but never used   no-unused-vars

/home/runner/work/exp-metacentre-wooden-iitb/exp-metacentre-wooden-iitb/experiment/simulation/js/data.js
   2:5  warning  'sp_gra' is assigned a value but never used  no-unused-vars
   3:5  warning  'g' is assigned a value but never used       no-unused-vars
   6:5  warning  'l_a1' is assigned a value but never used    no-unused-vars
   7:5  warning  'w_a1' is assigned a value but never used    no-unused-vars
   8:5  warning  'h_a1' is assigned a value but never used    no-unused-vars
  10:5  warning  'y_a1' is defined but never used             no-unused-vars
  11:5  warning  'z_a1' is defined but never used             no-unused-vars
  13:5  warning  'hw_a1' is defined but never used            no-unused-vars
  14:5  warning  'ab_a1' is defined but never used            no-unused-vars
  15:5  warning  'ag_a1' is defined but never used            no-unused-vars
  16:5  warning  'bg_a1' is defined but never used            no-unused-vars
  18:5  warning  'I_a1' is defined but never used             no-unused-vars
  20:5  warning  'v_a1' is defined but never used             no-unused-vars
  22:5  warning  'gm_a1' is defined but never used            no-unused-vars
  23:5  warning  'ans_a1' is defined but never used           no-unused-vars
  26:5  warning  'l_a2' is assigned a value but never used    no-unused-vars
  27:5  warning  'w_a2' is assigned a value but never used    no-unused-vars
  28:5  warning  'h_a2' is assigned a value but never used    no-unused-vars
  30:5  warning  'y_a2' is defined but never used             no-unused-vars
  31:5  warning  'z_a2' is defined but never used             no-unused-vars
  33:5  warning  'hw_a2' is defined but never used            no-unused-vars
  34:5  warning  'ab_a2' is defined but never used            no-unused-vars
  35:5  warning  'ag_a2' is defined but never used            no-unused-vars
  36:5  warning  'bg_a2' is defined but never used            no-unused-vars
  38:5  warning  'I_a2' is defined but never used             no-unused-vars
  40:5  warning  'v_a2' is defined but never used             no-unused-vars
  42:5  warning  'gm_a2' is defined but never used            no-unused-vars
  43:5  warning  'ans_a2' is defined but never used           no-unused-vars
  44:5  warning  'more_stable' is defined but never used      no-unused-vars
  46:5  warning  'h_ar' is assigned a value but never used    no-unused-vars
  47:5  warning  'M' is assigned a value but never used       no-unused-vars
  48:5  warning  'M_abs' is assigned a value but never used   no-unused-vars
  50:5  warning  'meta_cen_height' is defined but never used  no-unused-vars

/home/runner/work/exp-metacentre-wooden-iitb/exp-metacentre-wooden-iitb/experiment/simulation/js/screen_size.js
  1:10  warning  'set_screen_size' is defined but never used  no-unused-vars

✖ 412 problems (0 errors, 412 warnings)

